<?xml version="1.0" encoding="UTF-8"?>
<!-- Generated by org.testng.reporters.JUnitXMLReporter -->
<testsuite ignored="0" hostname="DELL-C0HKRC2" failures="0" tests="6" name="Test" time="54.925" errors="0" timestamp="2021-04-10T15:06:13 ART">
  <testcase classname="pruebas.Laboratorio3" name="registroUsuario" time="7.723"/>
  <testcase classname="Edit.EducacionIt.Laboratorio2" name="lab2_E1" time="13.846"/>
  <testcase classname="Edit.EducacionIt.Laboratorio1" name="lab1_E1" time="6.906"/>
  <testcase classname="Edit.EducacionIt.Laboratorio1" name="lab1_E2" time="12.001"/>
  <testcase classname="Edit.EducacionIt.Laboratorio1" name="lab1_E3" time="8.57"/>
  <testcase classname="Edit.EducacionIt.AppTest" name="shouldAnswerWithTrue" time="0.001"/>
</testsuite> <!-- Test -->
